# JRE version: OpenJDK Runtime Environment (8.0_152-b01) (build 1.8.0_152-release-915-b01)
# Java VM: OpenJDK 64-Bit Server VM (25.152-b01 mixed mode windows-amd64 compressed oops)
Heap:
 PSYoungGen      total 116224K, used 31424K [0x00000000e0000000, 0x00000000e8800000, 0x0000000100000000)
  eden space 103424K, 18% used [0x00000000e0000000,0x00000000e1237468,0x00000000e6500000)
  from space 12800K, 99% used [0x00000000e7480000,0x00000000e80f8db8,0x00000000e8100000)
  to   space 15872K, 0% used [0x00000000e6500000,0x00000000e6500000,0x00000000e7480000)
 ParOldGen       total 105984K, used 21607K [0x00000000a0000000, 0x00000000a6780000, 0x00000000e0000000)
  object space 105984K, 20% used [0x00000000a0000000,0x00000000a1519cd0,0x00000000a6780000)
 Metaspace       used 52566K, capacity 54254K, committed 54360K, reserved 1095680K
  class space    used 7065K, capacity 7474K, committed 7552K, reserved 1048576K
GC Heap History (10 events):
Event: 10.250 GC heap before
{Heap before GC invocations=10 (full 1):
 PSYoungGen      total 77824K, used 36940K [0x00000000e0000000, 0x00000000e5700000, 0x0000000100000000)
  eden space 68608K, 45% used [0x00000000e0000000,0x00000000e1e2dd78,0x00000000e4300000)
  from space 9216K, 65% used [0x00000000e4e00000,0x00000000e53e5670,0x00000000e5700000)
  to   space 10240K, 0% used [0x00000000e4300000,0x00000000e4300000,0x00000000e4d00000)
 ParOldGen       total 66048K, used 8972K [0x00000000a0000000, 0x00000000a4080000, 0x00000000e0000000)
  object space 66048K, 13% used [0x00000000a0000000,0x00000000a08c3078,0x00000000a4080000)
 Metaspace       used 34447K, capacity 35134K, committed 35416K, reserved 1079296K
  class space    used 4667K, capacity 4893K, committed 4992K, reserved 1048576K
Event: 10.261 GC heap after
Heap after GC invocations=10 (full 1):
 PSYoungGen      total 78848K, used 9587K [0x00000000e0000000, 0x00000000e6b80000, 0x0000000100000000)
  eden space 68608K, 0% used [0x00000000e0000000,0x00000000e0000000,0x00000000e4300000)
  from space 10240K, 93% used [0x00000000e4300000,0x00000000e4c5cf98,0x00000000e4d00000)
  to   space 11264K, 0% used [0x00000000e6080000,0x00000000e6080000,0x00000000e6b80000)
 ParOldGen       total 66048K, used 8980K [0x00000000a0000000, 0x00000000a4080000, 0x00000000e0000000)
  object space 66048K, 13% used [0x00000000a0000000,0x00000000a08c5078,0x00000000a4080000)
 Metaspace       used 34447K, capacity 35134K, committed 35416K, reserved 1079296K
  class space    used 4667K, capacity 4893K, committed 4992K, reserved 1048576K
}
Event: 10.261 GC heap before
{Heap before GC invocations=11 (full 2):
 PSYoungGen      total 78848K, used 9587K [0x00000000e0000000, 0x00000000e6b80000, 0x0000000100000000)
  eden space 68608K, 0% used [0x00000000e0000000,0x00000000e0000000,0x00000000e4300000)
  from space 10240K, 93% used [0x00000000e4300000,0x00000000e4c5cf98,0x00000000e4d00000)
  to   space 11264K, 0% used [0x00000000e6080000,0x00000000e6080000,0x00000000e6b80000)
 ParOldGen       total 66048K, used 8980K [0x00000000a0000000, 0x00000000a4080000, 0x00000000e0000000)
  object space 66048K, 13% used [0x00000000a0000000,0x00000000a08c5078,0x00000000a4080000)
 Metaspace       used 34447K, capacity 35134K, committed 35416K, reserved 1079296K
  class space    used 4667K, capacity 4893K, committed 4992K, reserved 1048576K
Event: 10.358 GC heap after
Heap after GC invocations=11 (full 2):
 PSYoungGen      total 78848K, used 0K [0x00000000e0000000, 0x00000000e6b80000, 0x0000000100000000)
  eden space 68608K, 0% used [0x00000000e0000000,0x00000000e0000000,0x00000000e4300000)
  from space 10240K, 0% used [0x00000000e4300000,0x00000000e4300000,0x00000000e4d00000)
  to   space 11264K, 0% used [0x00000000e6080000,0x00000000e6080000,0x00000000e6b80000)
 ParOldGen       total 105984K, used 15873K [0x00000000a0000000, 0x00000000a6780000, 0x00000000e0000000)
  object space 105984K, 14% used [0x00000000a0000000,0x00000000a0f80440,0x00000000a6780000)
 Metaspace       used 34447K, capacity 35134K, committed 35416K, reserved 1079296K
  class space    used 4667K, capacity 4893K, committed 4992K, reserved 1048576K
}
Event: 11.261 GC heap before
{Heap before GC invocations=12 (full 2):
 PSYoungGen      total 78848K, used 68608K [0x00000000e0000000, 0x00000000e6b80000, 0x0000000100000000)
  eden space 68608K, 100% used [0x00000000e0000000,0x00000000e4300000,0x00000000e4300000)
  from space 10240K, 0% used [0x00000000e4300000,0x00000000e4300000,0x00000000e4d00000)
  to   space 11264K, 0% used [0x00000000e6080000,0x00000000e6080000,0x00000000e6b80000)
 ParOldGen       total 105984K, used 15873K [0x00000000a0000000, 0x00000000a6780000, 0x00000000e0000000)
  object space 105984K, 14% used [0x00000000a0000000,0x00000000a0f80440,0x00000000a6780000)
 Metaspace       used 39801K, capacity 40710K, committed 41176K, reserved 1085440K
  class space    used 5292K, capacity 5597K, committed 5632K, reserved 1048576K
Event: 11.286 GC heap after
Heap after GC invocations=12 (full 2):
 PSYoungGen      total 95744K, used 5891K [0x00000000e0000000, 0x00000000e6980000, 0x0000000100000000)
  eden space 86528K, 0% used [0x00000000e0000000,0x00000000e0000000,0x00000000e5480000)
  from space 9216K, 63% used [0x00000000e6080000,0x00000000e6640c38,0x00000000e6980000)
  to   space 10752K, 0% used [0x00000000e5480000,0x00000000e5480000,0x00000000e5f00000)
 ParOldGen       total 105984K, used 15881K [0x00000000a0000000, 0x00000000a6780000, 0x00000000e0000000)
  object space 105984K, 14% used [0x00000000a0000000,0x00000000a0f82440,0x00000000a6780000)
 Metaspace       used 39801K, capacity 40710K, committed 41176K, reserved 1085440K
  class space    used 5292K, capacity 5597K, committed 5632K, reserved 1048576K
}
Event: 13.769 GC heap before
{Heap before GC invocations=13 (full 2):
 PSYoungGen      total 95744K, used 92419K [0x00000000e0000000, 0x00000000e6980000, 0x0000000100000000)
  eden space 86528K, 100% used [0x00000000e0000000,0x00000000e5480000,0x00000000e5480000)
  from space 9216K, 63% used [0x00000000e6080000,0x00000000e6640c38,0x00000000e6980000)
  to   space 10752K, 0% used [0x00000000e5480000,0x00000000e5480000,0x00000000e5f00000)
 ParOldGen       total 105984K, used 15881K [0x00000000a0000000, 0x00000000a6780000, 0x00000000e0000000)
  object space 105984K, 14% used [0x00000000a0000000,0x00000000a0f82440,0x00000000a6780000)
 Metaspace       used 46761K, capacity 47786K, committed 48088K, reserved 1091584K
  class space    used 6219K, capacity 6544K, committed 6656K, reserved 1048576K
Event: 13.784 GC heap after
Heap after GC invocations=13 (full 2):
 PSYoungGen      total 97280K, used 10743K [0x00000000e0000000, 0x00000000e8100000, 0x0000000100000000)
  eden space 86528K, 0% used [0x00000000e0000000,0x00000000e0000000,0x00000000e5480000)
  from space 10752K, 99% used [0x00000000e5480000,0x00000000e5efdfe0,0x00000000e5f00000)
  to   space 12800K, 0% used [0x00000000e7480000,0x00000000e7480000,0x00000000e8100000)
 ParOldGen       total 105984K, used 17922K [0x00000000a0000000, 0x00000000a6780000, 0x00000000e0000000)
  object space 105984K, 16% used [0x00000000a0000000,0x00000000a1180bd0,0x00000000a6780000)
 Metaspace       used 46761K, capacity 47786K, committed 48088K, reserved 1091584K
  class space    used 6219K, capacity 6544K, committed 6656K, reserved 1048576K
}
Event: 15.698 GC heap before
{Heap before GC invocations=14 (full 2):
 PSYoungGen      total 97280K, used 97271K [0x00000000e0000000, 0x00000000e8100000, 0x0000000100000000)
  eden space 86528K, 100% used [0x00000000e0000000,0x00000000e5480000,0x00000000e5480000)
  from space 10752K, 99% used [0x00000000e5480000,0x00000000e5efdfe0,0x00000000e5f00000)
  to   space 12800K, 0% used [0x00000000e7480000,0x00000000e7480000,0x00000000e8100000)
 ParOldGen       total 105984K, used 17922K [0x00000000a0000000, 0x00000000a6780000, 0x00000000e0000000)
  object space 105984K, 16% used [0x00000000a0000000,0x00000000a1180bd0,0x00000000a6780000)
 Metaspace       used 51676K, capacity 53334K, committed 53464K, reserved 1095680K
  class space    used 6928K, capacity 7340K, committed 7424K, reserved 1048576K
Event: 15.726 GC heap after
Heap after GC invocations=14 (full 2):
 PSYoungGen      total 116224K, used 12771K [0x00000000e0000000, 0x00000000e8800000, 0x0000000100000000)
  eden space 103424K, 0% used [0x00000000e0000000,0x00000000e0000000,0x00000000e6500000)
  from space 12800K, 99% used [0x00000000e7480000,0x00000000e80f8db8,0x00000000e8100000)
  to   space 15872K, 0% used [0x00000000e6500000,0x00000000e6500000,0x00000000e7480000)
 ParOldGen       total 105984K, used 21607K [0x00000000a0000000, 0x00000000a6780000, 0x00000000e0000000)
  object space 105984K, 20% used [0x00000000a0000000,0x00000000a1519cd0,0x00000000a6780000)
 Metaspace       used 51676K, capacity 53334K, committed 53464K, reserved 1095680K
  class space    used 6928K, capacity 7340K, committed 7424K, reserved 1048576K
}

